2023-03-04 20:19:01.839 [main] DEBUG daw.pr.minesweeper.App - We've just greeted the user!
2023-03-04 20:19:01.841 [main] INFO  daw.pr.minesweeper.App - We've just greeted the user!
2023-03-04 20:19:01.841 [main] WARN  daw.pr.minesweeper.App - We've just greeted the user!
2023-03-04 20:19:01.841 [main] ERROR daw.pr.minesweeper.App - We've just greeted the user!
2023-03-04 20:19:01.841 [main] FATAL daw.pr.minesweeper.App - We've just greeted the user!
2023-03-04 21:35:35.378 [main] DEBUG daw.pr.minesweeper.App - We've just greeted the user!
2023-03-04 21:35:35.380 [main] INFO  daw.pr.minesweeper.App - We've just greeted the user!
2023-03-04 21:35:35.380 [main] WARN  daw.pr.minesweeper.App - We've just greeted the user!
2023-03-04 21:35:35.380 [main] ERROR daw.pr.minesweeper.App - We've just greeted the user!
2023-03-04 21:35:35.380 [main] FATAL daw.pr.minesweeper.App - We've just greeted the user!
2023-03-04 21:35:46.691 [main] DEBUG daw.pr.minesweeper.App - We've just greeted the user!
2023-03-04 21:35:46.693 [main] INFO  daw.pr.minesweeper.App - We've just greeted the user!
2023-03-04 21:35:46.693 [main] WARN  daw.pr.minesweeper.App - We've just greeted the user!
2023-03-04 21:35:46.693 [main] ERROR daw.pr.minesweeper.App - We've just greeted the user!
2023-03-04 21:35:46.693 [main] FATAL daw.pr.minesweeper.App - We've just greeted the user!
2023-03-04 21:36:09.046 [main] DEBUG daw.pr.minesweeper.App - We've just greeted the user!
2023-03-04 21:36:09.047 [main] INFO  daw.pr.minesweeper.App - We've just greeted the user!
2023-03-04 21:36:09.047 [main] WARN  daw.pr.minesweeper.App - We've just greeted the user!
2023-03-04 21:36:09.047 [main] ERROR daw.pr.minesweeper.App - We've just greeted the user!
2023-03-04 21:36:09.047 [main] FATAL daw.pr.minesweeper.App - We've just greeted the user!
2023-03-04 21:36:12.405 [main] DEBUG daw.pr.minesweeper.App - We've just greeted the user!
2023-03-04 21:36:12.406 [main] INFO  daw.pr.minesweeper.App - We've just greeted the user!
2023-03-04 21:36:12.406 [main] WARN  daw.pr.minesweeper.App - We've just greeted the user!
2023-03-04 21:36:12.406 [main] ERROR daw.pr.minesweeper.App - We've just greeted the user!
2023-03-04 21:36:12.406 [main] FATAL daw.pr.minesweeper.App - We've just greeted the user!
2023-03-04 21:36:24.888 [main] DEBUG daw.pr.minesweeper.App - We've just greeted the user!
2023-03-04 21:36:24.889 [main] INFO  daw.pr.minesweeper.App - We've just greeted the user!
2023-03-04 21:36:24.889 [main] WARN  daw.pr.minesweeper.App - We've just greeted the user!
2023-03-04 21:36:24.889 [main] ERROR daw.pr.minesweeper.App - We've just greeted the user!
2023-03-04 21:36:24.889 [main] FATAL daw.pr.minesweeper.App - We've just greeted the user!
2023-03-04 21:37:02.245 [main] DEBUG daw.pr.minesweeper.App - We've just greeted the user!
2023-03-04 21:37:02.246 [main] INFO  daw.pr.minesweeper.App - We've just greeted the user!
2023-03-04 21:37:02.246 [main] WARN  daw.pr.minesweeper.App - We've just greeted the user!
2023-03-04 21:37:02.246 [main] ERROR daw.pr.minesweeper.App - We've just greeted the user!
2023-03-04 21:37:02.246 [main] FATAL daw.pr.minesweeper.App - We've just greeted the user!
2023-03-04 21:37:49.889 [main] INFO  daw.pr.minesweeper.App - Starting Minesweeper
2023-03-04 21:37:49.890 [main] INFO  daw.pr.minesweeper.App - Java System Properties:
2023-03-04 21:37:49.890 [main] INFO  daw.pr.minesweeper.App - java.specification.version = 17
2023-03-04 21:37:49.890 [main] INFO  daw.pr.minesweeper.App - sun.cpu.isalist = amd64
2023-03-04 21:37:49.890 [main] INFO  daw.pr.minesweeper.App - sun.jnu.encoding = Cp1252
2023-03-04 21:37:49.891 [main] INFO  daw.pr.minesweeper.App - java.class.path = C:\git\minesweeper\target\classes;C:\Users\seoan\.m2\repository\org\apache\logging\log4j\log4j-api\2.13.0\log4j-api-2.13.0.jar;C:\Users\seoan\.m2\repository\org\apache\logging\log4j\log4j-core\2.13.0\log4j-core-2.13.0.jar
2023-03-04 21:37:49.891 [main] INFO  daw.pr.minesweeper.App - java.vm.vendor = Eclipse Adoptium
2023-03-04 21:37:49.891 [main] INFO  daw.pr.minesweeper.App - sun.arch.data.model = 64
2023-03-04 21:37:49.891 [main] INFO  daw.pr.minesweeper.App - user.variant = 
2023-03-04 21:37:49.891 [main] INFO  daw.pr.minesweeper.App - java.vendor.url = https://adoptium.net/
2023-03-04 21:37:49.891 [main] INFO  daw.pr.minesweeper.App - user.timezone = Europe/Madrid
2023-03-04 21:37:49.891 [main] INFO  daw.pr.minesweeper.App - java.vm.specification.version = 17
2023-03-04 21:37:49.891 [main] INFO  daw.pr.minesweeper.App - os.name = Windows 11
2023-03-04 21:37:49.891 [main] INFO  daw.pr.minesweeper.App - org.apache.logging.log4j.assignedSequences = 3533
2023-03-04 21:37:49.891 [main] INFO  daw.pr.minesweeper.App - sun.java.launcher = SUN_STANDARD
2023-03-04 21:37:49.891 [main] INFO  daw.pr.minesweeper.App - user.country = ES
2023-03-04 21:37:49.891 [main] INFO  daw.pr.minesweeper.App - sun.boot.library.path = C:\Users\seoan\.jdks\temurin-17.0.6\bin
2023-03-04 21:37:49.891 [main] INFO  daw.pr.minesweeper.App - sun.java.command = daw.pr.minesweeper.App
2023-03-04 21:37:49.892 [main] INFO  daw.pr.minesweeper.App - jdk.debug = release
2023-03-04 21:37:49.892 [main] INFO  daw.pr.minesweeper.App - sun.cpu.endian = little
2023-03-04 21:37:49.892 [main] INFO  daw.pr.minesweeper.App - user.home = C:\Users\seoan
2023-03-04 21:37:49.892 [main] INFO  daw.pr.minesweeper.App - user.language = es
2023-03-04 21:37:49.892 [main] INFO  daw.pr.minesweeper.App - java.specification.vendor = Oracle Corporation
2023-03-04 21:37:49.892 [main] INFO  daw.pr.minesweeper.App - java.version.date = 2023-01-17
2023-03-04 21:37:49.892 [main] INFO  daw.pr.minesweeper.App - java.home = C:\Users\seoan\.jdks\temurin-17.0.6
2023-03-04 21:37:49.892 [main] INFO  daw.pr.minesweeper.App - file.separator = \
2023-03-04 21:37:49.892 [main] INFO  daw.pr.minesweeper.App - java.vm.compressedOopsMode = Zero based
2023-03-04 21:37:49.892 [main] INFO  daw.pr.minesweeper.App - line.separator = 

2023-03-04 21:37:49.892 [main] INFO  daw.pr.minesweeper.App - java.vm.specification.vendor = Oracle Corporation
2023-03-04 21:37:49.892 [main] INFO  daw.pr.minesweeper.App - java.specification.name = Java Platform API Specification
2023-03-04 21:37:49.892 [main] INFO  daw.pr.minesweeper.App - user.script = 
2023-03-04 21:37:49.892 [main] INFO  daw.pr.minesweeper.App - sun.management.compiler = HotSpot 64-Bit Tiered Compilers
2023-03-04 21:37:49.892 [main] INFO  daw.pr.minesweeper.App - java.runtime.version = 17.0.6+10
2023-03-04 21:37:49.892 [main] INFO  daw.pr.minesweeper.App - user.name = seoan
2023-03-04 21:37:49.893 [main] INFO  daw.pr.minesweeper.App - path.separator = ;
2023-03-04 21:37:49.893 [main] INFO  daw.pr.minesweeper.App - os.version = 10.0
2023-03-04 21:37:49.893 [main] INFO  daw.pr.minesweeper.App - java.runtime.name = OpenJDK Runtime Environment
2023-03-04 21:37:49.893 [main] INFO  daw.pr.minesweeper.App - file.encoding = UTF-8
2023-03-04 21:37:49.893 [main] INFO  daw.pr.minesweeper.App - java.vm.name = OpenJDK 64-Bit Server VM
2023-03-04 21:37:49.893 [main] INFO  daw.pr.minesweeper.App - java.vendor.version = Temurin-17.0.6+10
2023-03-04 21:37:49.893 [main] INFO  daw.pr.minesweeper.App - java.vendor.url.bug = https://github.com/adoptium/adoptium-support/issues
2023-03-04 21:37:49.893 [main] INFO  daw.pr.minesweeper.App - java.io.tmpdir = C:\Users\seoan\AppData\Local\Temp\
2023-03-04 21:37:49.893 [main] INFO  daw.pr.minesweeper.App - java.version = 17.0.6
2023-03-04 21:37:49.893 [main] INFO  daw.pr.minesweeper.App - user.dir = C:\git\minesweeper
2023-03-04 21:37:49.893 [main] INFO  daw.pr.minesweeper.App - os.arch = amd64
2023-03-04 21:37:49.893 [main] INFO  daw.pr.minesweeper.App - java.vm.specification.name = Java Virtual Machine Specification
2023-03-04 21:37:49.893 [main] INFO  daw.pr.minesweeper.App - sun.os.patch.level = 
2023-03-04 21:37:49.893 [main] INFO  daw.pr.minesweeper.App - native.encoding = Cp1252
2023-03-04 21:37:49.893 [main] INFO  daw.pr.minesweeper.App - java.library.path = C:\Users\seoan\.jdks\temurin-17.0.6\bin;C:\Windows\Sun\Java\bin;C:\Windows\system32;C:\Windows;C:\Program Files\Eclipse Adoptium\jdk-17.0.6.10-hotspot\bin;D:\VulkanSDK\1.3.236.0\Bin;C:\WINDOWS\system32;C:\WINDOWS;C:\WINDOWS\System32\Wbem;C:\WINDOWS\System32\WindowsPowerShell\v1.0\;C:\WINDOWS\System32\OpenSSH\;C:\Program Files\dotnet\;C:\Program Files (x86)\dotnet\;C:\Program Files\AutoFirma\AutoFirma;C:\ProgramData\chocolatey\bin;C:\Program Files\gs\gs9.56.1\bin;C:\tools\BCURRAN3;C:\Program Files\PowerShell\7\;C:\Program Files\Docker\Docker\resources\bin;C:\Windows\system32;C:\Windows;C:\Windows\System32\Wbem;C:\Windows\System32\WindowsPowerShell\v1.0\;C:\Windows\System32\OpenSSH\;C:\Program Files (x86)\NVIDIA Corporation\PhysX\Common;C:\Program Files\NVIDIA Corporation\NVIDIA NvDLISR;C:\Users\seoan\AppData\Roaming\nvm;C:\Program Files\nodejs;C:\Program Files\GitHub CLI\;C:\Program Files\CMake\bin;C:\ProgramData\chocolatey\lib\maven\apache-maven-3.9.0\bin;C:\Program Files\Git\cmd;C:\Program Files (x86)\Lua\5.1;C:\Program Files (x86)\Lua\5.1\clibs;C:\Users\seoan\AppData\Local\Microsoft\WindowsApps;D:\ffmpeg\bin;C:\Users\seoan\AppData\Local\GitHubDesktop\bin;C:\Program Files (x86)\GitHub CLI\;C:\Users\seoan\AppData\Roaming\Python\Python39\Scripts;C:\Users\seoan\.dotnet\tools;C:\Users\seoan\AppData\Local\JpegminiPro3\;C:\Users\seoan\AppData\Local\Programs\Microsoft VS Code\bin;C:\Users\seoan\AppData\Local\JetBrains\Toolbox\scripts;C:\Users\seoan\AppData\Local\Microsoft\WindowsApps;C:\Users\seoan\AppData\Local\Programs\oh-my-posh\bin;C:\ProgramData\chocolatey\lib\mingw\tools\install\mingw64\bin;C:\Users\seoan\AppData\Roaming\nvm;C:\Program Files\nodejs;C:\Program Files\Oracle\VirtualBox;C:\tools\neovim\nvim-win64\bin;;.
2023-03-04 21:37:49.894 [main] INFO  daw.pr.minesweeper.App - java.vm.info = mixed mode, sharing
2023-03-04 21:37:49.894 [main] INFO  daw.pr.minesweeper.App - java.vendor = Eclipse Adoptium
2023-03-04 21:37:49.894 [main] INFO  daw.pr.minesweeper.App - java.vm.version = 17.0.6+10
2023-03-04 21:37:49.894 [main] INFO  daw.pr.minesweeper.App - sun.io.unicode.encoding = UnicodeLittle
2023-03-04 21:37:49.894 [main] INFO  daw.pr.minesweeper.App - java.class.version = 61.0
2023-03-04 21:37:49.894 [main] INFO  daw.pr.minesweeper.App - End of Java System Properties
2023-03-04 21:39:30.771 [main] INFO  daw.pr.minesweeper.App - Starting Minesweeper
2023-03-04 21:39:30.773 [main] INFO  daw.pr.minesweeper.App - Java System Properties:
2023-03-04 21:39:30.773 [main] INFO  daw.pr.minesweeper.App - java.specification.version = 17
2023-03-04 21:39:30.773 [main] INFO  daw.pr.minesweeper.App - sun.cpu.isalist = amd64
2023-03-04 21:39:30.773 [main] INFO  daw.pr.minesweeper.App - sun.jnu.encoding = Cp1252
2023-03-04 21:39:30.773 [main] INFO  daw.pr.minesweeper.App - java.class.path = C:\git\minesweeper\target\classes;C:\Users\seoan\.m2\repository\org\apache\logging\log4j\log4j-api\2.13.0\log4j-api-2.13.0.jar;C:\Users\seoan\.m2\repository\org\apache\logging\log4j\log4j-core\2.13.0\log4j-core-2.13.0.jar
2023-03-04 21:39:30.773 [main] INFO  daw.pr.minesweeper.App - java.vm.vendor = Eclipse Adoptium
2023-03-04 21:39:30.774 [main] INFO  daw.pr.minesweeper.App - sun.arch.data.model = 64
2023-03-04 21:39:30.774 [main] INFO  daw.pr.minesweeper.App - user.variant = 
2023-03-04 21:39:30.774 [main] INFO  daw.pr.minesweeper.App - java.vendor.url = https://adoptium.net/
2023-03-04 21:39:30.774 [main] INFO  daw.pr.minesweeper.App - user.timezone = Europe/Madrid
2023-03-04 21:39:30.774 [main] INFO  daw.pr.minesweeper.App - java.vm.specification.version = 17
2023-03-04 21:39:30.774 [main] INFO  daw.pr.minesweeper.App - os.name = Windows 11
2023-03-04 21:39:30.774 [main] INFO  daw.pr.minesweeper.App - org.apache.logging.log4j.assignedSequences = 11339
2023-03-04 21:39:30.774 [main] INFO  daw.pr.minesweeper.App - sun.java.launcher = SUN_STANDARD
2023-03-04 21:39:30.774 [main] INFO  daw.pr.minesweeper.App - user.country = ES
2023-03-04 21:39:30.774 [main] INFO  daw.pr.minesweeper.App - sun.boot.library.path = C:\Users\seoan\.vscode\extensions\redhat.java-1.15.0-win32-x64\jre\17.0.6-win32-x86_64\bin
2023-03-04 21:39:30.775 [main] INFO  daw.pr.minesweeper.App - sun.java.command = daw.pr.minesweeper.App
2023-03-04 21:39:30.775 [main] INFO  daw.pr.minesweeper.App - jdk.debug = release
2023-03-04 21:39:30.775 [main] INFO  daw.pr.minesweeper.App - sun.cpu.endian = little
2023-03-04 21:39:30.775 [main] INFO  daw.pr.minesweeper.App - user.home = C:\Users\seoan
2023-03-04 21:39:30.775 [main] INFO  daw.pr.minesweeper.App - user.language = es
2023-03-04 21:39:30.775 [main] INFO  daw.pr.minesweeper.App - sun.stderr.encoding = cp850
2023-03-04 21:39:30.775 [main] INFO  daw.pr.minesweeper.App - java.specification.vendor = Oracle Corporation
2023-03-04 21:39:30.776 [main] INFO  daw.pr.minesweeper.App - java.version.date = 2023-01-17
2023-03-04 21:39:30.776 [main] INFO  daw.pr.minesweeper.App - java.home = C:\Users\seoan\.vscode\extensions\redhat.java-1.15.0-win32-x64\jre\17.0.6-win32-x86_64
2023-03-04 21:39:30.776 [main] INFO  daw.pr.minesweeper.App - file.separator = \
2023-03-04 21:39:30.776 [main] INFO  daw.pr.minesweeper.App - java.vm.compressedOopsMode = Zero based
2023-03-04 21:39:30.776 [main] INFO  daw.pr.minesweeper.App - line.separator = 

2023-03-04 21:39:30.776 [main] INFO  daw.pr.minesweeper.App - sun.stdout.encoding = cp850
2023-03-04 21:39:30.777 [main] INFO  daw.pr.minesweeper.App - java.vm.specification.vendor = Oracle Corporation
2023-03-04 21:39:30.777 [main] INFO  daw.pr.minesweeper.App - java.specification.name = Java Platform API Specification
2023-03-04 21:39:30.777 [main] INFO  daw.pr.minesweeper.App - user.script = 
2023-03-04 21:39:30.777 [main] INFO  daw.pr.minesweeper.App - sun.management.compiler = HotSpot 64-Bit Tiered Compilers
2023-03-04 21:39:30.777 [main] INFO  daw.pr.minesweeper.App - java.runtime.version = 17.0.6+10
2023-03-04 21:39:30.778 [main] INFO  daw.pr.minesweeper.App - user.name = seoan
2023-03-04 21:39:30.778 [main] INFO  daw.pr.minesweeper.App - path.separator = ;
2023-03-04 21:39:30.778 [main] INFO  daw.pr.minesweeper.App - os.version = 10.0
2023-03-04 21:39:30.778 [main] INFO  daw.pr.minesweeper.App - java.runtime.name = OpenJDK Runtime Environment
2023-03-04 21:39:30.778 [main] INFO  daw.pr.minesweeper.App - file.encoding = Cp1252
2023-03-04 21:39:30.778 [main] INFO  daw.pr.minesweeper.App - java.vm.name = OpenJDK 64-Bit Server VM
2023-03-04 21:39:30.779 [main] INFO  daw.pr.minesweeper.App - java.vendor.version = Temurin-17.0.6+10
2023-03-04 21:39:30.779 [main] INFO  daw.pr.minesweeper.App - java.vendor.url.bug = https://github.com/adoptium/adoptium-support/issues
2023-03-04 21:39:30.779 [main] INFO  daw.pr.minesweeper.App - java.io.tmpdir = C:\Users\seoan\AppData\Local\Temp\
2023-03-04 21:39:30.779 [main] INFO  daw.pr.minesweeper.App - java.version = 17.0.6
2023-03-04 21:39:30.779 [main] INFO  daw.pr.minesweeper.App - user.dir = C:\git\minesweeper
2023-03-04 21:39:30.779 [main] INFO  daw.pr.minesweeper.App - os.arch = amd64
2023-03-04 21:39:30.779 [main] INFO  daw.pr.minesweeper.App - java.vm.specification.name = Java Virtual Machine Specification
2023-03-04 21:39:30.780 [main] INFO  daw.pr.minesweeper.App - sun.os.patch.level = 
2023-03-04 21:39:30.780 [main] INFO  daw.pr.minesweeper.App - native.encoding = Cp1252
2023-03-04 21:39:30.780 [main] INFO  daw.pr.minesweeper.App - java.library.path = C:\Users\seoan\.vscode\extensions\redhat.java-1.15.0-win32-x64\jre\17.0.6-win32-x86_64\bin;C:\Windows\Sun\Java\bin;C:\Windows\system32;C:\Windows;C:\Program Files\PowerShell\7;C:\Program Files\Eclipse Adoptium\jdk-17.0.6.10-hotspot\bin;D:\VulkanSDK\1.3.236.0\Bin;C:\WINDOWS\system32;C:\WINDOWS;C:\WINDOWS\System32\Wbem;C:\WINDOWS\System32\WindowsPowerShell\v1.0\;C:\WINDOWS\System32\OpenSSH\;C:\Program Files\dotnet\;C:\Program Files (x86)\dotnet\;C:\Program Files\AutoFirma\AutoFirma;C:\ProgramData\chocolatey\bin;C:\Program Files\gs\gs9.56.1\bin;C:\tools\BCURRAN3;C:\Program Files\PowerShell\7\;C:\Program Files\Docker\Docker\resources\bin;C:\Windows\system32;C:\Windows;C:\Windows\System32\Wbem;C:\Windows\System32\WindowsPowerShell\v1.0\;C:\Windows\System32\OpenSSH\;C:\Program Files (x86)\NVIDIA Corporation\PhysX\Common;C:\Program Files\NVIDIA Corporation\NVIDIA NvDLISR;C:\Users\seoan\AppData\Roaming\nvm;C:\Program Files\nodejs;C:\Program Files\GitHub CLI\;C:\Program Files\CMake\bin;C:\ProgramData\chocolatey\lib\maven\apache-maven-3.9.0\bin;C:\Program Files\Git\cmd;C:\Program Files (x86)\Lua\5.1;C:\Program Files (x86)\Lua\5.1\clibs;C:\Users\seoan\AppData\Local\Microsoft\WindowsApps;D:\ffmpeg\bin;C:\Users\seoan\AppData\Local\GitHubDesktop\bin;C:\Program Files (x86)\GitHub CLI\;C:\Users\seoan\AppData\Roaming\Python\Python39\Scripts;C:\Users\seoan\.dotnet\tools;C:\Users\seoan\AppData\Local\JpegminiPro3\;C:\Users\seoan\AppData\Local\Programs\Microsoft VS Code\bin;C:\Users\seoan\AppData\Local\JetBrains\Toolbox\scripts;C:\Users\seoan\AppData\Local\Microsoft\WindowsApps;C:\Users\seoan\AppData\Local\Programs\oh-my-posh\bin;C:\ProgramData\chocolatey\lib\mingw\tools\install\mingw64\bin;C:\Users\seoan\AppData\Roaming\nvm;C:\Program Files\nodejs;C:\Program Files\Oracle\VirtualBox;C:\tools\neovim\nvim-win64\bin;;.
2023-03-04 21:39:30.781 [main] INFO  daw.pr.minesweeper.App - java.vm.info = mixed mode
2023-03-04 21:39:30.781 [main] INFO  daw.pr.minesweeper.App - java.vendor = Eclipse Adoptium
2023-03-04 21:39:30.781 [main] INFO  daw.pr.minesweeper.App - java.vm.version = 17.0.6+10
2023-03-04 21:39:30.781 [main] INFO  daw.pr.minesweeper.App - sun.io.unicode.encoding = UnicodeLittle
2023-03-04 21:39:30.781 [main] INFO  daw.pr.minesweeper.App - java.class.version = 61.0
2023-03-04 21:39:30.781 [main] INFO  daw.pr.minesweeper.App - End of Java System Properties
2023-03-04 21:41:01.331 [main] INFO  daw.pr.minesweeper.App - Starting Minesweeper
2023-03-04 21:41:01.333 [main] INFO  daw.pr.minesweeper.App - Java System Properties:
2023-03-04 21:41:01.333 [main] INFO  daw.pr.minesweeper.App - java.specification.version = 17
2023-03-04 21:41:01.333 [main] INFO  daw.pr.minesweeper.App - sun.cpu.isalist = amd64
2023-03-04 21:41:01.333 [main] INFO  daw.pr.minesweeper.App - sun.jnu.encoding = Cp1252
2023-03-04 21:41:01.333 [main] INFO  daw.pr.minesweeper.App - java.class.path = C:\git\minesweeper\target\classes;C:\Users\seoan\.m2\repository\org\apache\logging\log4j\log4j-api\2.13.0\log4j-api-2.13.0.jar;C:\Users\seoan\.m2\repository\org\apache\logging\log4j\log4j-core\2.13.0\log4j-core-2.13.0.jar
2023-03-04 21:41:01.334 [main] INFO  daw.pr.minesweeper.App - java.vm.vendor = Eclipse Adoptium
2023-03-04 21:41:01.334 [main] INFO  daw.pr.minesweeper.App - sun.arch.data.model = 64
2023-03-04 21:41:01.334 [main] INFO  daw.pr.minesweeper.App - user.variant = 
2023-03-04 21:41:01.334 [main] INFO  daw.pr.minesweeper.App - java.vendor.url = https://adoptium.net/
2023-03-04 21:41:01.334 [main] INFO  daw.pr.minesweeper.App - user.timezone = Europe/Madrid
2023-03-04 21:41:01.334 [main] INFO  daw.pr.minesweeper.App - java.vm.specification.version = 17
2023-03-04 21:41:01.334 [main] INFO  daw.pr.minesweeper.App - os.name = Windows 11
2023-03-04 21:41:01.335 [main] INFO  daw.pr.minesweeper.App - org.apache.logging.log4j.assignedSequences = 3046
2023-03-04 21:41:01.335 [main] INFO  daw.pr.minesweeper.App - sun.java.launcher = SUN_STANDARD
2023-03-04 21:41:01.335 [main] INFO  daw.pr.minesweeper.App - user.country = ES
2023-03-04 21:41:01.335 [main] INFO  daw.pr.minesweeper.App - sun.boot.library.path = C:\Users\seoan\.vscode\extensions\redhat.java-1.15.0-win32-x64\jre\17.0.6-win32-x86_64\bin
2023-03-04 21:41:01.335 [main] INFO  daw.pr.minesweeper.App - sun.java.command = daw.pr.minesweeper.App
2023-03-04 21:41:01.335 [main] INFO  daw.pr.minesweeper.App - jdk.debug = release
2023-03-04 21:41:01.335 [main] INFO  daw.pr.minesweeper.App - sun.cpu.endian = little
2023-03-04 21:41:01.335 [main] INFO  daw.pr.minesweeper.App - user.home = C:\Users\seoan
2023-03-04 21:41:01.336 [main] INFO  daw.pr.minesweeper.App - user.language = es
2023-03-04 21:41:01.336 [main] INFO  daw.pr.minesweeper.App - sun.stderr.encoding = cp850
2023-03-04 21:41:01.336 [main] INFO  daw.pr.minesweeper.App - java.specification.vendor = Oracle Corporation
2023-03-04 21:41:01.336 [main] INFO  daw.pr.minesweeper.App - java.version.date = 2023-01-17
2023-03-04 21:41:01.336 [main] INFO  daw.pr.minesweeper.App - java.home = C:\Users\seoan\.vscode\extensions\redhat.java-1.15.0-win32-x64\jre\17.0.6-win32-x86_64
2023-03-04 21:41:01.336 [main] INFO  daw.pr.minesweeper.App - file.separator = \
2023-03-04 21:41:01.336 [main] INFO  daw.pr.minesweeper.App - java.vm.compressedOopsMode = Zero based
2023-03-04 21:41:01.337 [main] INFO  daw.pr.minesweeper.App - line.separator = 

2023-03-04 21:41:01.337 [main] INFO  daw.pr.minesweeper.App - sun.stdout.encoding = cp850
2023-03-04 21:41:01.337 [main] INFO  daw.pr.minesweeper.App - java.vm.specification.vendor = Oracle Corporation
2023-03-04 21:41:01.337 [main] INFO  daw.pr.minesweeper.App - java.specification.name = Java Platform API Specification
2023-03-04 21:41:01.337 [main] INFO  daw.pr.minesweeper.App - user.script = 
2023-03-04 21:41:01.337 [main] INFO  daw.pr.minesweeper.App - sun.management.compiler = HotSpot 64-Bit Tiered Compilers
2023-03-04 21:41:01.338 [main] INFO  daw.pr.minesweeper.App - java.runtime.version = 17.0.6+10
2023-03-04 21:41:01.338 [main] INFO  daw.pr.minesweeper.App - user.name = seoan
2023-03-04 21:41:01.338 [main] INFO  daw.pr.minesweeper.App - path.separator = ;
2023-03-04 21:41:01.338 [main] INFO  daw.pr.minesweeper.App - os.version = 10.0
2023-03-04 21:41:01.338 [main] INFO  daw.pr.minesweeper.App - java.runtime.name = OpenJDK Runtime Environment
2023-03-04 21:41:01.338 [main] INFO  daw.pr.minesweeper.App - file.encoding = Cp1252
2023-03-04 21:41:01.338 [main] INFO  daw.pr.minesweeper.App - java.vm.name = OpenJDK 64-Bit Server VM
2023-03-04 21:41:01.338 [main] INFO  daw.pr.minesweeper.App - java.vendor.version = Temurin-17.0.6+10
2023-03-04 21:41:01.339 [main] INFO  daw.pr.minesweeper.App - java.vendor.url.bug = https://github.com/adoptium/adoptium-support/issues
2023-03-04 21:41:01.339 [main] INFO  daw.pr.minesweeper.App - java.io.tmpdir = C:\Users\seoan\AppData\Local\Temp\
2023-03-04 21:41:01.339 [main] INFO  daw.pr.minesweeper.App - java.version = 17.0.6
2023-03-04 21:41:01.339 [main] INFO  daw.pr.minesweeper.App - user.dir = C:\git\minesweeper
2023-03-04 21:41:01.339 [main] INFO  daw.pr.minesweeper.App - os.arch = amd64
2023-03-04 21:41:01.339 [main] INFO  daw.pr.minesweeper.App - java.vm.specification.name = Java Virtual Machine Specification
2023-03-04 21:41:01.339 [main] INFO  daw.pr.minesweeper.App - sun.os.patch.level = 
2023-03-04 21:41:01.339 [main] INFO  daw.pr.minesweeper.App - native.encoding = Cp1252
2023-03-04 21:41:01.340 [main] INFO  daw.pr.minesweeper.App - java.library.path = C:\Users\seoan\.vscode\extensions\redhat.java-1.15.0-win32-x64\jre\17.0.6-win32-x86_64\bin;C:\Windows\Sun\Java\bin;C:\Windows\system32;C:\Windows;C:\Program Files\PowerShell\7;C:\Program Files\Eclipse Adoptium\jdk-17.0.6.10-hotspot\bin;D:\VulkanSDK\1.3.236.0\Bin;C:\WINDOWS\system32;C:\WINDOWS;C:\WINDOWS\System32\Wbem;C:\WINDOWS\System32\WindowsPowerShell\v1.0\;C:\WINDOWS\System32\OpenSSH\;C:\Program Files\dotnet\;C:\Program Files (x86)\dotnet\;C:\Program Files\AutoFirma\AutoFirma;C:\ProgramData\chocolatey\bin;C:\Program Files\gs\gs9.56.1\bin;C:\tools\BCURRAN3;C:\Program Files\PowerShell\7\;C:\Program Files\Docker\Docker\resources\bin;C:\Windows\system32;C:\Windows;C:\Windows\System32\Wbem;C:\Windows\System32\WindowsPowerShell\v1.0\;C:\Windows\System32\OpenSSH\;C:\Program Files (x86)\NVIDIA Corporation\PhysX\Common;C:\Program Files\NVIDIA Corporation\NVIDIA NvDLISR;C:\Users\seoan\AppData\Roaming\nvm;C:\Program Files\nodejs;C:\Program Files\GitHub CLI\;C:\Program Files\CMake\bin;C:\ProgramData\chocolatey\lib\maven\apache-maven-3.9.0\bin;C:\Program Files\Git\cmd;C:\Program Files (x86)\Lua\5.1;C:\Program Files (x86)\Lua\5.1\clibs;C:\Users\seoan\AppData\Local\Microsoft\WindowsApps;D:\ffmpeg\bin;C:\Users\seoan\AppData\Local\GitHubDesktop\bin;C:\Program Files (x86)\GitHub CLI\;C:\Users\seoan\AppData\Roaming\Python\Python39\Scripts;C:\Users\seoan\.dotnet\tools;C:\Users\seoan\AppData\Local\JpegminiPro3\;C:\Users\seoan\AppData\Local\Programs\Microsoft VS Code\bin;C:\Users\seoan\AppData\Local\JetBrains\Toolbox\scripts;C:\Users\seoan\AppData\Local\Microsoft\WindowsApps;C:\Users\seoan\AppData\Local\Programs\oh-my-posh\bin;C:\ProgramData\chocolatey\lib\mingw\tools\install\mingw64\bin;C:\Users\seoan\AppData\Roaming\nvm;C:\Program Files\nodejs;C:\Program Files\Oracle\VirtualBox;C:\tools\neovim\nvim-win64\bin;;.
2023-03-04 21:41:01.340 [main] INFO  daw.pr.minesweeper.App - java.vm.info = mixed mode
2023-03-04 21:41:01.340 [main] INFO  daw.pr.minesweeper.App - java.vendor = Eclipse Adoptium
2023-03-04 21:41:01.341 [main] INFO  daw.pr.minesweeper.App - java.vm.version = 17.0.6+10
2023-03-04 21:41:01.341 [main] INFO  daw.pr.minesweeper.App - sun.io.unicode.encoding = UnicodeLittle
2023-03-04 21:41:01.341 [main] INFO  daw.pr.minesweeper.App - java.class.version = 61.0
2023-03-04 21:41:01.341 [main] INFO  daw.pr.minesweeper.App - End of Java System Properties
2023-03-04 21:52:53.300 [main] INFO  daw.pr.minesweeper.App - Starting Minesweeper
2023-03-04 21:52:53.302 [main] INFO  daw.pr.minesweeper.App - Starting Minesweeper
2023-03-04 21:52:53.302 [main] INFO  daw.pr.minesweeper.App - Java System Properties:
2023-03-04 21:52:53.302 [main] INFO  daw.pr.minesweeper.App - java.specification.version = 17
2023-03-04 21:52:53.302 [main] INFO  daw.pr.minesweeper.App - log4j.configurationFile = log4j2-debug.xml
2023-03-04 21:52:53.302 [main] INFO  daw.pr.minesweeper.App - sun.cpu.isalist = amd64
2023-03-04 21:52:53.302 [main] INFO  daw.pr.minesweeper.App - sun.jnu.encoding = Cp1252
2023-03-04 21:52:53.302 [main] INFO  daw.pr.minesweeper.App - java.class.path = C:\git\minesweeper\target\classes;C:\Users\seoan\.m2\repository\org\apache\logging\log4j\log4j-api\2.13.0\log4j-api-2.13.0.jar;C:\Users\seoan\.m2\repository\org\apache\logging\log4j\log4j-core\2.13.0\log4j-core-2.13.0.jar
2023-03-04 21:52:53.302 [main] INFO  daw.pr.minesweeper.App - java.vm.vendor = Eclipse Adoptium
2023-03-04 21:52:53.302 [main] INFO  daw.pr.minesweeper.App - sun.arch.data.model = 64
2023-03-04 21:52:53.303 [main] INFO  daw.pr.minesweeper.App - user.variant = 
2023-03-04 21:52:53.303 [main] INFO  daw.pr.minesweeper.App - java.vendor.url = https://adoptium.net/
2023-03-04 21:52:53.303 [main] INFO  daw.pr.minesweeper.App - user.timezone = Europe/Madrid
2023-03-04 21:52:53.303 [main] INFO  daw.pr.minesweeper.App - java.vm.specification.version = 17
2023-03-04 21:52:53.303 [main] INFO  daw.pr.minesweeper.App - os.name = Windows 11
2023-03-04 21:52:53.303 [main] INFO  daw.pr.minesweeper.App - org.apache.logging.log4j.assignedSequences = 13147
2023-03-04 21:52:53.303 [main] INFO  daw.pr.minesweeper.App - sun.java.launcher = SUN_STANDARD
2023-03-04 21:52:53.303 [main] INFO  daw.pr.minesweeper.App - user.country = ES
2023-03-04 21:52:53.303 [main] INFO  daw.pr.minesweeper.App - sun.boot.library.path = C:\Users\seoan\.jdks\temurin-17.0.6\bin
2023-03-04 21:52:53.303 [main] INFO  daw.pr.minesweeper.App - sun.java.command = daw.pr.minesweeper.App --debug
2023-03-04 21:52:53.303 [main] INFO  daw.pr.minesweeper.App - jdk.debug = release
2023-03-04 21:52:53.303 [main] INFO  daw.pr.minesweeper.App - sun.cpu.endian = little
2023-03-04 21:52:53.303 [main] INFO  daw.pr.minesweeper.App - user.home = C:\Users\seoan
2023-03-04 21:52:53.303 [main] INFO  daw.pr.minesweeper.App - user.language = es
2023-03-04 21:52:53.304 [main] INFO  daw.pr.minesweeper.App - java.specification.vendor = Oracle Corporation
2023-03-04 21:52:53.304 [main] INFO  daw.pr.minesweeper.App - java.version.date = 2023-01-17
2023-03-04 21:52:53.304 [main] INFO  daw.pr.minesweeper.App - java.home = C:\Users\seoan\.jdks\temurin-17.0.6
2023-03-04 21:52:53.304 [main] INFO  daw.pr.minesweeper.App - file.separator = \
2023-03-04 21:52:53.304 [main] INFO  daw.pr.minesweeper.App - java.vm.compressedOopsMode = Zero based
2023-03-04 21:52:53.304 [main] INFO  daw.pr.minesweeper.App - line.separator = 

2023-03-04 21:52:53.304 [main] INFO  daw.pr.minesweeper.App - java.vm.specification.vendor = Oracle Corporation
2023-03-04 21:52:53.304 [main] INFO  daw.pr.minesweeper.App - java.specification.name = Java Platform API Specification
2023-03-04 21:52:53.304 [main] INFO  daw.pr.minesweeper.App - user.script = 
2023-03-04 21:52:53.304 [main] INFO  daw.pr.minesweeper.App - sun.management.compiler = HotSpot 64-Bit Tiered Compilers
2023-03-04 21:52:53.304 [main] INFO  daw.pr.minesweeper.App - java.runtime.version = 17.0.6+10
2023-03-04 21:52:53.304 [main] INFO  daw.pr.minesweeper.App - user.name = seoan
2023-03-04 21:52:53.304 [main] INFO  daw.pr.minesweeper.App - path.separator = ;
2023-03-04 21:52:53.304 [main] INFO  daw.pr.minesweeper.App - os.version = 10.0
2023-03-04 21:52:53.304 [main] INFO  daw.pr.minesweeper.App - java.runtime.name = OpenJDK Runtime Environment
2023-03-04 21:52:53.304 [main] INFO  daw.pr.minesweeper.App - file.encoding = UTF-8
2023-03-04 21:52:53.304 [main] INFO  daw.pr.minesweeper.App - java.vm.name = OpenJDK 64-Bit Server VM
2023-03-04 21:52:53.304 [main] INFO  daw.pr.minesweeper.App - java.vendor.version = Temurin-17.0.6+10
2023-03-04 21:52:53.306 [main] INFO  daw.pr.minesweeper.App - java.vendor.url.bug = https://github.com/adoptium/adoptium-support/issues
2023-03-04 21:52:53.306 [main] INFO  daw.pr.minesweeper.App - java.io.tmpdir = C:\Users\seoan\AppData\Local\Temp\
2023-03-04 21:52:53.306 [main] INFO  daw.pr.minesweeper.App - java.version = 17.0.6
2023-03-04 21:52:53.306 [main] INFO  daw.pr.minesweeper.App - user.dir = C:\git\minesweeper
2023-03-04 21:52:53.306 [main] INFO  daw.pr.minesweeper.App - os.arch = amd64
2023-03-04 21:52:53.306 [main] INFO  daw.pr.minesweeper.App - java.vm.specification.name = Java Virtual Machine Specification
2023-03-04 21:52:53.306 [main] INFO  daw.pr.minesweeper.App - sun.os.patch.level = 
2023-03-04 21:52:53.306 [main] INFO  daw.pr.minesweeper.App - native.encoding = Cp1252
2023-03-04 21:52:53.306 [main] INFO  daw.pr.minesweeper.App - java.library.path = C:\Users\seoan\.jdks\temurin-17.0.6\bin;C:\Windows\Sun\Java\bin;C:\Windows\system32;C:\Windows;C:\Program Files\Eclipse Adoptium\jdk-17.0.6.10-hotspot\bin;D:\VulkanSDK\1.3.236.0\Bin;C:\WINDOWS\system32;C:\WINDOWS;C:\WINDOWS\System32\Wbem;C:\WINDOWS\System32\WindowsPowerShell\v1.0\;C:\WINDOWS\System32\OpenSSH\;C:\Program Files\dotnet\;C:\Program Files (x86)\dotnet\;C:\Program Files\AutoFirma\AutoFirma;C:\ProgramData\chocolatey\bin;C:\Program Files\gs\gs9.56.1\bin;C:\tools\BCURRAN3;C:\Program Files\PowerShell\7\;C:\Program Files\Docker\Docker\resources\bin;C:\Windows\system32;C:\Windows;C:\Windows\System32\Wbem;C:\Windows\System32\WindowsPowerShell\v1.0\;C:\Windows\System32\OpenSSH\;C:\Program Files (x86)\NVIDIA Corporation\PhysX\Common;C:\Program Files\NVIDIA Corporation\NVIDIA NvDLISR;C:\Users\seoan\AppData\Roaming\nvm;C:\Program Files\nodejs;C:\Program Files\GitHub CLI\;C:\Program Files\CMake\bin;C:\ProgramData\chocolatey\lib\maven\apache-maven-3.9.0\bin;C:\Program Files\Git\cmd;C:\Program Files (x86)\Lua\5.1;C:\Program Files (x86)\Lua\5.1\clibs;C:\Users\seoan\AppData\Local\Microsoft\WindowsApps;D:\ffmpeg\bin;C:\Users\seoan\AppData\Local\GitHubDesktop\bin;C:\Program Files (x86)\GitHub CLI\;C:\Users\seoan\AppData\Roaming\Python\Python39\Scripts;C:\Users\seoan\.dotnet\tools;C:\Users\seoan\AppData\Local\JpegminiPro3\;C:\Users\seoan\AppData\Local\Programs\Microsoft VS Code\bin;C:\Users\seoan\AppData\Local\JetBrains\Toolbox\scripts;C:\Users\seoan\AppData\Local\Microsoft\WindowsApps;C:\Users\seoan\AppData\Local\Programs\oh-my-posh\bin;C:\ProgramData\chocolatey\lib\mingw\tools\install\mingw64\bin;C:\Users\seoan\AppData\Roaming\nvm;C:\Program Files\nodejs;C:\Program Files\Oracle\VirtualBox;C:\tools\neovim\nvim-win64\bin;;.
2023-03-04 21:52:53.306 [main] INFO  daw.pr.minesweeper.App - java.vm.info = mixed mode, sharing
2023-03-04 21:52:53.306 [main] INFO  daw.pr.minesweeper.App - java.vendor = Eclipse Adoptium
2023-03-04 21:52:53.307 [main] INFO  daw.pr.minesweeper.App - java.vm.version = 17.0.6+10
2023-03-04 21:52:53.307 [main] INFO  daw.pr.minesweeper.App - sun.io.unicode.encoding = UnicodeLittle
2023-03-04 21:52:53.307 [main] INFO  daw.pr.minesweeper.App - java.class.version = 61.0
2023-03-04 21:52:53.307 [main] INFO  daw.pr.minesweeper.App - End of Java System Properties
2023-03-04 21:55:28.958 [main] INFO  daw.pr.minesweeper.App - Starting Minesweeper
2023-03-04 21:55:28.959 [main] INFO  daw.pr.minesweeper.App - Java System Properties:
2023-03-04 21:55:28.959 [main] INFO  daw.pr.minesweeper.App - java.specification.version = 17
2023-03-04 21:55:28.959 [main] INFO  daw.pr.minesweeper.App - log4j.configurationFile = log4j2-debug.xml
2023-03-04 21:55:28.959 [main] INFO  daw.pr.minesweeper.App - sun.cpu.isalist = amd64
2023-03-04 21:55:28.960 [main] INFO  daw.pr.minesweeper.App - sun.jnu.encoding = Cp1252
2023-03-04 21:55:28.960 [main] INFO  daw.pr.minesweeper.App - java.class.path = C:\git\minesweeper\target\classes;C:\Users\seoan\.m2\repository\org\apache\logging\log4j\log4j-api\2.13.0\log4j-api-2.13.0.jar;C:\Users\seoan\.m2\repository\org\apache\logging\log4j\log4j-core\2.13.0\log4j-core-2.13.0.jar
2023-03-04 21:55:28.960 [main] INFO  daw.pr.minesweeper.App - java.vm.vendor = Eclipse Adoptium
2023-03-04 21:55:28.960 [main] INFO  daw.pr.minesweeper.App - sun.arch.data.model = 64
2023-03-04 21:55:28.960 [main] INFO  daw.pr.minesweeper.App - user.variant = 
2023-03-04 21:55:28.960 [main] INFO  daw.pr.minesweeper.App - java.vendor.url = https://adoptium.net/
2023-03-04 21:55:28.960 [main] INFO  daw.pr.minesweeper.App - user.timezone = Europe/Madrid
2023-03-04 21:55:28.960 [main] INFO  daw.pr.minesweeper.App - java.vm.specification.version = 17
2023-03-04 21:55:28.960 [main] INFO  daw.pr.minesweeper.App - os.name = Windows 11
2023-03-04 21:55:28.960 [main] INFO  daw.pr.minesweeper.App - org.apache.logging.log4j.assignedSequences = 12572
2023-03-04 21:55:28.960 [main] INFO  daw.pr.minesweeper.App - sun.java.launcher = SUN_STANDARD
2023-03-04 21:55:28.960 [main] INFO  daw.pr.minesweeper.App - user.country = ES
2023-03-04 21:55:28.960 [main] INFO  daw.pr.minesweeper.App - sun.boot.library.path = C:\Users\seoan\.jdks\temurin-17.0.6\bin
2023-03-04 21:55:28.960 [main] INFO  daw.pr.minesweeper.App - sun.java.command = daw.pr.minesweeper.App --debug
2023-03-04 21:55:28.960 [main] INFO  daw.pr.minesweeper.App - jdk.debug = release
2023-03-04 21:55:28.961 [main] INFO  daw.pr.minesweeper.App - sun.cpu.endian = little
2023-03-04 21:55:28.961 [main] INFO  daw.pr.minesweeper.App - user.home = C:\Users\seoan
2023-03-04 21:55:28.961 [main] INFO  daw.pr.minesweeper.App - user.language = es
2023-03-04 21:55:28.961 [main] INFO  daw.pr.minesweeper.App - java.specification.vendor = Oracle Corporation
2023-03-04 21:55:28.961 [main] INFO  daw.pr.minesweeper.App - java.version.date = 2023-01-17
2023-03-04 21:55:28.961 [main] INFO  daw.pr.minesweeper.App - java.home = C:\Users\seoan\.jdks\temurin-17.0.6
2023-03-04 21:55:28.961 [main] INFO  daw.pr.minesweeper.App - file.separator = \
2023-03-04 21:55:28.961 [main] INFO  daw.pr.minesweeper.App - java.vm.compressedOopsMode = Zero based
2023-03-04 21:55:28.961 [main] INFO  daw.pr.minesweeper.App - line.separator = 

2023-03-04 21:55:28.961 [main] INFO  daw.pr.minesweeper.App - java.vm.specification.vendor = Oracle Corporation
2023-03-04 21:55:28.961 [main] INFO  daw.pr.minesweeper.App - java.specification.name = Java Platform API Specification
2023-03-04 21:55:28.961 [main] INFO  daw.pr.minesweeper.App - user.script = 
2023-03-04 21:55:28.961 [main] INFO  daw.pr.minesweeper.App - sun.management.compiler = HotSpot 64-Bit Tiered Compilers
2023-03-04 21:55:28.961 [main] INFO  daw.pr.minesweeper.App - java.runtime.version = 17.0.6+10
2023-03-04 21:55:28.961 [main] INFO  daw.pr.minesweeper.App - user.name = seoan
2023-03-04 21:55:28.962 [main] INFO  daw.pr.minesweeper.App - path.separator = ;
2023-03-04 21:55:28.962 [main] INFO  daw.pr.minesweeper.App - os.version = 10.0
2023-03-04 21:55:28.962 [main] INFO  daw.pr.minesweeper.App - java.runtime.name = OpenJDK Runtime Environment
2023-03-04 21:55:28.962 [main] INFO  daw.pr.minesweeper.App - file.encoding = UTF-8
2023-03-04 21:55:28.962 [main] INFO  daw.pr.minesweeper.App - java.vm.name = OpenJDK 64-Bit Server VM
2023-03-04 21:55:28.962 [main] INFO  daw.pr.minesweeper.App - java.vendor.version = Temurin-17.0.6+10
2023-03-04 21:55:28.962 [main] INFO  daw.pr.minesweeper.App - java.vendor.url.bug = https://github.com/adoptium/adoptium-support/issues
2023-03-04 21:55:28.962 [main] INFO  daw.pr.minesweeper.App - java.io.tmpdir = C:\Users\seoan\AppData\Local\Temp\
2023-03-04 21:55:28.962 [main] INFO  daw.pr.minesweeper.App - java.version = 17.0.6
2023-03-04 21:55:28.962 [main] INFO  daw.pr.minesweeper.App - user.dir = C:\git\minesweeper
2023-03-04 21:55:28.962 [main] INFO  daw.pr.minesweeper.App - os.arch = amd64
2023-03-04 21:55:28.962 [main] INFO  daw.pr.minesweeper.App - java.vm.specification.name = Java Virtual Machine Specification
2023-03-04 21:55:28.962 [main] INFO  daw.pr.minesweeper.App - sun.os.patch.level = 
2023-03-04 21:55:28.962 [main] INFO  daw.pr.minesweeper.App - native.encoding = Cp1252
2023-03-04 21:55:28.962 [main] INFO  daw.pr.minesweeper.App - java.library.path = C:\Users\seoan\.jdks\temurin-17.0.6\bin;C:\Windows\Sun\Java\bin;C:\Windows\system32;C:\Windows;C:\Program Files\Eclipse Adoptium\jdk-17.0.6.10-hotspot\bin;D:\VulkanSDK\1.3.236.0\Bin;C:\WINDOWS\system32;C:\WINDOWS;C:\WINDOWS\System32\Wbem;C:\WINDOWS\System32\WindowsPowerShell\v1.0\;C:\WINDOWS\System32\OpenSSH\;C:\Program Files\dotnet\;C:\Program Files (x86)\dotnet\;C:\Program Files\AutoFirma\AutoFirma;C:\ProgramData\chocolatey\bin;C:\Program Files\gs\gs9.56.1\bin;C:\tools\BCURRAN3;C:\Program Files\PowerShell\7\;C:\Program Files\Docker\Docker\resources\bin;C:\Windows\system32;C:\Windows;C:\Windows\System32\Wbem;C:\Windows\System32\WindowsPowerShell\v1.0\;C:\Windows\System32\OpenSSH\;C:\Program Files (x86)\NVIDIA Corporation\PhysX\Common;C:\Program Files\NVIDIA Corporation\NVIDIA NvDLISR;C:\Users\seoan\AppData\Roaming\nvm;C:\Program Files\nodejs;C:\Program Files\GitHub CLI\;C:\Program Files\CMake\bin;C:\ProgramData\chocolatey\lib\maven\apache-maven-3.9.0\bin;C:\Program Files\Git\cmd;C:\Program Files (x86)\Lua\5.1;C:\Program Files (x86)\Lua\5.1\clibs;C:\Users\seoan\AppData\Local\Microsoft\WindowsApps;D:\ffmpeg\bin;C:\Users\seoan\AppData\Local\GitHubDesktop\bin;C:\Program Files (x86)\GitHub CLI\;C:\Users\seoan\AppData\Roaming\Python\Python39\Scripts;C:\Users\seoan\.dotnet\tools;C:\Users\seoan\AppData\Local\JpegminiPro3\;C:\Users\seoan\AppData\Local\Programs\Microsoft VS Code\bin;C:\Users\seoan\AppData\Local\JetBrains\Toolbox\scripts;C:\Users\seoan\AppData\Local\Microsoft\WindowsApps;C:\Users\seoan\AppData\Local\Programs\oh-my-posh\bin;C:\ProgramData\chocolatey\lib\mingw\tools\install\mingw64\bin;C:\Users\seoan\AppData\Roaming\nvm;C:\Program Files\nodejs;C:\Program Files\Oracle\VirtualBox;C:\tools\neovim\nvim-win64\bin;;.
2023-03-04 21:55:28.963 [main] INFO  daw.pr.minesweeper.App - java.vm.info = mixed mode, sharing
2023-03-04 21:55:28.963 [main] INFO  daw.pr.minesweeper.App - java.vendor = Eclipse Adoptium
2023-03-04 21:55:28.963 [main] INFO  daw.pr.minesweeper.App - java.vm.version = 17.0.6+10
2023-03-04 21:55:28.963 [main] INFO  daw.pr.minesweeper.App - sun.io.unicode.encoding = UnicodeLittle
2023-03-04 21:55:28.963 [main] INFO  daw.pr.minesweeper.App - java.class.version = 61.0
2023-03-04 21:55:28.963 [main] INFO  daw.pr.minesweeper.App - End of Java System Properties
2023-03-04 21:55:56.431 [main] INFO  daw.pr.minesweeper.App - Starting Minesweeper
2023-03-04 21:55:56.432 [main] INFO  daw.pr.minesweeper.App - Java System Properties:
2023-03-04 21:55:56.433 [main] INFO  daw.pr.minesweeper.App - java.specification.version = 17
2023-03-04 21:55:56.433 [main] INFO  daw.pr.minesweeper.App - log4j.configurationFile = log4j2-debug.xml
2023-03-04 21:55:56.433 [main] INFO  daw.pr.minesweeper.App - sun.cpu.isalist = amd64
2023-03-04 21:55:56.433 [main] INFO  daw.pr.minesweeper.App - sun.jnu.encoding = Cp1252
2023-03-04 21:55:56.433 [main] INFO  daw.pr.minesweeper.App - java.class.path = C:\git\minesweeper\target\classes;C:\Users\seoan\.m2\repository\org\apache\logging\log4j\log4j-api\2.13.0\log4j-api-2.13.0.jar;C:\Users\seoan\.m2\repository\org\apache\logging\log4j\log4j-core\2.13.0\log4j-core-2.13.0.jar
2023-03-04 21:55:56.433 [main] INFO  daw.pr.minesweeper.App - java.vm.vendor = Eclipse Adoptium
2023-03-04 21:55:56.433 [main] INFO  daw.pr.minesweeper.App - sun.arch.data.model = 64
2023-03-04 21:55:56.433 [main] INFO  daw.pr.minesweeper.App - user.variant = 
2023-03-04 21:55:56.433 [main] INFO  daw.pr.minesweeper.App - java.vendor.url = https://adoptium.net/
2023-03-04 21:55:56.433 [main] INFO  daw.pr.minesweeper.App - user.timezone = Europe/Madrid
2023-03-04 21:55:56.433 [main] INFO  daw.pr.minesweeper.App - java.vm.specification.version = 17
2023-03-04 21:55:56.433 [main] INFO  daw.pr.minesweeper.App - os.name = Windows 11
2023-03-04 21:55:56.433 [main] INFO  daw.pr.minesweeper.App - org.apache.logging.log4j.assignedSequences = 9827
2023-03-04 21:55:56.433 [main] INFO  daw.pr.minesweeper.App - sun.java.launcher = SUN_STANDARD
2023-03-04 21:55:56.433 [main] INFO  daw.pr.minesweeper.App - user.country = ES
2023-03-04 21:55:56.433 [main] INFO  daw.pr.minesweeper.App - sun.boot.library.path = C:\Users\seoan\.jdks\temurin-17.0.6\bin
2023-03-04 21:55:56.434 [main] INFO  daw.pr.minesweeper.App - sun.java.command = daw.pr.minesweeper.App --debug
2023-03-04 21:55:56.434 [main] INFO  daw.pr.minesweeper.App - jdk.debug = release
2023-03-04 21:55:56.434 [main] INFO  daw.pr.minesweeper.App - sun.cpu.endian = little
2023-03-04 21:55:56.434 [main] INFO  daw.pr.minesweeper.App - user.home = C:\Users\seoan
2023-03-04 21:55:56.434 [main] INFO  daw.pr.minesweeper.App - user.language = es
2023-03-04 21:55:56.434 [main] INFO  daw.pr.minesweeper.App - java.specification.vendor = Oracle Corporation
2023-03-04 21:55:56.434 [main] INFO  daw.pr.minesweeper.App - java.version.date = 2023-01-17
2023-03-04 21:55:56.434 [main] INFO  daw.pr.minesweeper.App - java.home = C:\Users\seoan\.jdks\temurin-17.0.6
2023-03-04 21:55:56.434 [main] INFO  daw.pr.minesweeper.App - file.separator = \
2023-03-04 21:55:56.434 [main] INFO  daw.pr.minesweeper.App - java.vm.compressedOopsMode = Zero based
2023-03-04 21:55:56.434 [main] INFO  daw.pr.minesweeper.App - line.separator = 

2023-03-04 21:55:56.434 [main] INFO  daw.pr.minesweeper.App - java.vm.specification.vendor = Oracle Corporation
2023-03-04 21:55:56.434 [main] INFO  daw.pr.minesweeper.App - java.specification.name = Java Platform API Specification
2023-03-04 21:55:56.435 [main] INFO  daw.pr.minesweeper.App - user.script = 
2023-03-04 21:55:56.435 [main] INFO  daw.pr.minesweeper.App - sun.management.compiler = HotSpot 64-Bit Tiered Compilers
2023-03-04 21:55:56.435 [main] INFO  daw.pr.minesweeper.App - java.runtime.version = 17.0.6+10
2023-03-04 21:55:56.435 [main] INFO  daw.pr.minesweeper.App - user.name = seoan
2023-03-04 21:55:56.435 [main] INFO  daw.pr.minesweeper.App - path.separator = ;
2023-03-04 21:55:56.435 [main] INFO  daw.pr.minesweeper.App - os.version = 10.0
2023-03-04 21:55:56.435 [main] INFO  daw.pr.minesweeper.App - java.runtime.name = OpenJDK Runtime Environment
2023-03-04 21:55:56.435 [main] INFO  daw.pr.minesweeper.App - file.encoding = UTF-8
2023-03-04 21:55:56.435 [main] INFO  daw.pr.minesweeper.App - java.vm.name = OpenJDK 64-Bit Server VM
2023-03-04 21:55:56.435 [main] INFO  daw.pr.minesweeper.App - java.vendor.version = Temurin-17.0.6+10
2023-03-04 21:55:56.435 [main] INFO  daw.pr.minesweeper.App - java.vendor.url.bug = https://github.com/adoptium/adoptium-support/issues
2023-03-04 21:55:56.435 [main] INFO  daw.pr.minesweeper.App - java.io.tmpdir = C:\Users\seoan\AppData\Local\Temp\
2023-03-04 21:55:56.435 [main] INFO  daw.pr.minesweeper.App - java.version = 17.0.6
2023-03-04 21:55:56.435 [main] INFO  daw.pr.minesweeper.App - user.dir = C:\git\minesweeper
2023-03-04 21:55:56.435 [main] INFO  daw.pr.minesweeper.App - os.arch = amd64
2023-03-04 21:55:56.436 [main] INFO  daw.pr.minesweeper.App - java.vm.specification.name = Java Virtual Machine Specification
2023-03-04 21:55:56.436 [main] INFO  daw.pr.minesweeper.App - sun.os.patch.level = 
2023-03-04 21:55:56.436 [main] INFO  daw.pr.minesweeper.App - native.encoding = Cp1252
2023-03-04 21:55:56.436 [main] INFO  daw.pr.minesweeper.App - java.library.path = C:\Users\seoan\.jdks\temurin-17.0.6\bin;C:\Windows\Sun\Java\bin;C:\Windows\system32;C:\Windows;C:\Program Files\Eclipse Adoptium\jdk-17.0.6.10-hotspot\bin;D:\VulkanSDK\1.3.236.0\Bin;C:\WINDOWS\system32;C:\WINDOWS;C:\WINDOWS\System32\Wbem;C:\WINDOWS\System32\WindowsPowerShell\v1.0\;C:\WINDOWS\System32\OpenSSH\;C:\Program Files\dotnet\;C:\Program Files (x86)\dotnet\;C:\Program Files\AutoFirma\AutoFirma;C:\ProgramData\chocolatey\bin;C:\Program Files\gs\gs9.56.1\bin;C:\tools\BCURRAN3;C:\Program Files\PowerShell\7\;C:\Program Files\Docker\Docker\resources\bin;C:\Windows\system32;C:\Windows;C:\Windows\System32\Wbem;C:\Windows\System32\WindowsPowerShell\v1.0\;C:\Windows\System32\OpenSSH\;C:\Program Files (x86)\NVIDIA Corporation\PhysX\Common;C:\Program Files\NVIDIA Corporation\NVIDIA NvDLISR;C:\Users\seoan\AppData\Roaming\nvm;C:\Program Files\nodejs;C:\Program Files\GitHub CLI\;C:\Program Files\CMake\bin;C:\ProgramData\chocolatey\lib\maven\apache-maven-3.9.0\bin;C:\Program Files\Git\cmd;C:\Program Files (x86)\Lua\5.1;C:\Program Files (x86)\Lua\5.1\clibs;C:\Users\seoan\AppData\Local\Microsoft\WindowsApps;D:\ffmpeg\bin;C:\Users\seoan\AppData\Local\GitHubDesktop\bin;C:\Program Files (x86)\GitHub CLI\;C:\Users\seoan\AppData\Roaming\Python\Python39\Scripts;C:\Users\seoan\.dotnet\tools;C:\Users\seoan\AppData\Local\JpegminiPro3\;C:\Users\seoan\AppData\Local\Programs\Microsoft VS Code\bin;C:\Users\seoan\AppData\Local\JetBrains\Toolbox\scripts;C:\Users\seoan\AppData\Local\Microsoft\WindowsApps;C:\Users\seoan\AppData\Local\Programs\oh-my-posh\bin;C:\ProgramData\chocolatey\lib\mingw\tools\install\mingw64\bin;C:\Users\seoan\AppData\Roaming\nvm;C:\Program Files\nodejs;C:\Program Files\Oracle\VirtualBox;C:\tools\neovim\nvim-win64\bin;;.
2023-03-04 21:55:56.436 [main] INFO  daw.pr.minesweeper.App - java.vm.info = mixed mode, sharing
2023-03-04 21:55:56.436 [main] INFO  daw.pr.minesweeper.App - java.vendor = Eclipse Adoptium
2023-03-04 21:55:56.436 [main] INFO  daw.pr.minesweeper.App - java.vm.version = 17.0.6+10
2023-03-04 21:55:56.436 [main] INFO  daw.pr.minesweeper.App - sun.io.unicode.encoding = UnicodeLittle
2023-03-04 21:55:56.436 [main] INFO  daw.pr.minesweeper.App - java.class.version = 61.0
2023-03-04 21:55:56.436 [main] INFO  daw.pr.minesweeper.App - End of Java System Properties
2023-03-04 21:56:16.804 [main] INFO  daw.pr.minesweeper.App - Starting Minesweeper
2023-03-04 21:56:16.805 [main] INFO  daw.pr.minesweeper.App - Java System Properties:
2023-03-04 21:56:16.805 [main] INFO  daw.pr.minesweeper.App - java.specification.version = 17
2023-03-04 21:56:16.805 [main] INFO  daw.pr.minesweeper.App - log4j.configurationFile = log4j2.xml
2023-03-04 21:56:16.805 [main] INFO  daw.pr.minesweeper.App - sun.cpu.isalist = amd64
2023-03-04 21:56:16.805 [main] INFO  daw.pr.minesweeper.App - sun.jnu.encoding = Cp1252
2023-03-04 21:56:16.805 [main] INFO  daw.pr.minesweeper.App - java.class.path = C:\git\minesweeper\target\classes;C:\Users\seoan\.m2\repository\org\apache\logging\log4j\log4j-api\2.13.0\log4j-api-2.13.0.jar;C:\Users\seoan\.m2\repository\org\apache\logging\log4j\log4j-core\2.13.0\log4j-core-2.13.0.jar
2023-03-04 21:56:16.805 [main] INFO  daw.pr.minesweeper.App - java.vm.vendor = Eclipse Adoptium
2023-03-04 21:56:16.805 [main] INFO  daw.pr.minesweeper.App - sun.arch.data.model = 64
2023-03-04 21:56:16.805 [main] INFO  daw.pr.minesweeper.App - user.variant = 
2023-03-04 21:56:16.806 [main] INFO  daw.pr.minesweeper.App - java.vendor.url = https://adoptium.net/
2023-03-04 21:56:16.806 [main] INFO  daw.pr.minesweeper.App - user.timezone = Europe/Madrid
2023-03-04 21:56:16.806 [main] INFO  daw.pr.minesweeper.App - java.vm.specification.version = 17
2023-03-04 21:56:16.806 [main] INFO  daw.pr.minesweeper.App - os.name = Windows 11
2023-03-04 21:56:16.806 [main] INFO  daw.pr.minesweeper.App - org.apache.logging.log4j.assignedSequences = 12956
2023-03-04 21:56:16.806 [main] INFO  daw.pr.minesweeper.App - sun.java.launcher = SUN_STANDARD
2023-03-04 21:56:16.806 [main] INFO  daw.pr.minesweeper.App - user.country = ES
2023-03-04 21:56:16.806 [main] INFO  daw.pr.minesweeper.App - sun.boot.library.path = C:\Users\seoan\.jdks\temurin-17.0.6\bin
2023-03-04 21:56:16.806 [main] INFO  daw.pr.minesweeper.App - sun.java.command = daw.pr.minesweeper.App --debug
2023-03-04 21:56:16.806 [main] INFO  daw.pr.minesweeper.App - jdk.debug = release
2023-03-04 21:56:16.806 [main] INFO  daw.pr.minesweeper.App - sun.cpu.endian = little
2023-03-04 21:56:16.806 [main] INFO  daw.pr.minesweeper.App - user.home = C:\Users\seoan
2023-03-04 21:56:16.807 [main] INFO  daw.pr.minesweeper.App - user.language = es
2023-03-04 21:56:16.807 [main] INFO  daw.pr.minesweeper.App - java.specification.vendor = Oracle Corporation
2023-03-04 21:56:16.807 [main] INFO  daw.pr.minesweeper.App - java.version.date = 2023-01-17
2023-03-04 21:56:16.807 [main] INFO  daw.pr.minesweeper.App - java.home = C:\Users\seoan\.jdks\temurin-17.0.6
2023-03-04 21:56:16.807 [main] INFO  daw.pr.minesweeper.App - file.separator = \
2023-03-04 21:56:16.807 [main] INFO  daw.pr.minesweeper.App - java.vm.compressedOopsMode = Zero based
2023-03-04 21:56:16.807 [main] INFO  daw.pr.minesweeper.App - line.separator = 

2023-03-04 21:56:16.807 [main] INFO  daw.pr.minesweeper.App - java.vm.specification.vendor = Oracle Corporation
2023-03-04 21:56:16.807 [main] INFO  daw.pr.minesweeper.App - java.specification.name = Java Platform API Specification
2023-03-04 21:56:16.807 [main] INFO  daw.pr.minesweeper.App - user.script = 
2023-03-04 21:56:16.807 [main] INFO  daw.pr.minesweeper.App - sun.management.compiler = HotSpot 64-Bit Tiered Compilers
2023-03-04 21:56:16.807 [main] INFO  daw.pr.minesweeper.App - java.runtime.version = 17.0.6+10
2023-03-04 21:56:16.807 [main] INFO  daw.pr.minesweeper.App - user.name = seoan
2023-03-04 21:56:16.808 [main] INFO  daw.pr.minesweeper.App - path.separator = ;
2023-03-04 21:56:16.808 [main] INFO  daw.pr.minesweeper.App - os.version = 10.0
2023-03-04 21:56:16.808 [main] INFO  daw.pr.minesweeper.App - java.runtime.name = OpenJDK Runtime Environment
2023-03-04 21:56:16.808 [main] INFO  daw.pr.minesweeper.App - file.encoding = UTF-8
2023-03-04 21:56:16.808 [main] INFO  daw.pr.minesweeper.App - java.vm.name = OpenJDK 64-Bit Server VM
2023-03-04 21:56:16.808 [main] INFO  daw.pr.minesweeper.App - java.vendor.version = Temurin-17.0.6+10
2023-03-04 21:56:16.808 [main] INFO  daw.pr.minesweeper.App - java.vendor.url.bug = https://github.com/adoptium/adoptium-support/issues
2023-03-04 21:56:16.808 [main] INFO  daw.pr.minesweeper.App - java.io.tmpdir = C:\Users\seoan\AppData\Local\Temp\
2023-03-04 21:56:16.808 [main] INFO  daw.pr.minesweeper.App - java.version = 17.0.6
2023-03-04 21:56:16.808 [main] INFO  daw.pr.minesweeper.App - user.dir = C:\git\minesweeper
2023-03-04 21:56:16.808 [main] INFO  daw.pr.minesweeper.App - os.arch = amd64
2023-03-04 21:56:16.808 [main] INFO  daw.pr.minesweeper.App - java.vm.specification.name = Java Virtual Machine Specification
2023-03-04 21:56:16.808 [main] INFO  daw.pr.minesweeper.App - sun.os.patch.level = 
2023-03-04 21:56:16.808 [main] INFO  daw.pr.minesweeper.App - native.encoding = Cp1252
2023-03-04 21:56:16.808 [main] INFO  daw.pr.minesweeper.App - java.library.path = C:\Users\seoan\.jdks\temurin-17.0.6\bin;C:\Windows\Sun\Java\bin;C:\Windows\system32;C:\Windows;C:\Program Files\Eclipse Adoptium\jdk-17.0.6.10-hotspot\bin;D:\VulkanSDK\1.3.236.0\Bin;C:\WINDOWS\system32;C:\WINDOWS;C:\WINDOWS\System32\Wbem;C:\WINDOWS\System32\WindowsPowerShell\v1.0\;C:\WINDOWS\System32\OpenSSH\;C:\Program Files\dotnet\;C:\Program Files (x86)\dotnet\;C:\Program Files\AutoFirma\AutoFirma;C:\ProgramData\chocolatey\bin;C:\Program Files\gs\gs9.56.1\bin;C:\tools\BCURRAN3;C:\Program Files\PowerShell\7\;C:\Program Files\Docker\Docker\resources\bin;C:\Windows\system32;C:\Windows;C:\Windows\System32\Wbem;C:\Windows\System32\WindowsPowerShell\v1.0\;C:\Windows\System32\OpenSSH\;C:\Program Files (x86)\NVIDIA Corporation\PhysX\Common;C:\Program Files\NVIDIA Corporation\NVIDIA NvDLISR;C:\Users\seoan\AppData\Roaming\nvm;C:\Program Files\nodejs;C:\Program Files\GitHub CLI\;C:\Program Files\CMake\bin;C:\ProgramData\chocolatey\lib\maven\apache-maven-3.9.0\bin;C:\Program Files\Git\cmd;C:\Program Files (x86)\Lua\5.1;C:\Program Files (x86)\Lua\5.1\clibs;C:\Users\seoan\AppData\Local\Microsoft\WindowsApps;D:\ffmpeg\bin;C:\Users\seoan\AppData\Local\GitHubDesktop\bin;C:\Program Files (x86)\GitHub CLI\;C:\Users\seoan\AppData\Roaming\Python\Python39\Scripts;C:\Users\seoan\.dotnet\tools;C:\Users\seoan\AppData\Local\JpegminiPro3\;C:\Users\seoan\AppData\Local\Programs\Microsoft VS Code\bin;C:\Users\seoan\AppData\Local\JetBrains\Toolbox\scripts;C:\Users\seoan\AppData\Local\Microsoft\WindowsApps;C:\Users\seoan\AppData\Local\Programs\oh-my-posh\bin;C:\ProgramData\chocolatey\lib\mingw\tools\install\mingw64\bin;C:\Users\seoan\AppData\Roaming\nvm;C:\Program Files\nodejs;C:\Program Files\Oracle\VirtualBox;C:\tools\neovim\nvim-win64\bin;;.
2023-03-04 21:56:16.809 [main] INFO  daw.pr.minesweeper.App - java.vm.info = mixed mode, sharing
2023-03-04 21:56:16.809 [main] INFO  daw.pr.minesweeper.App - java.vendor = Eclipse Adoptium
2023-03-04 21:56:16.809 [main] INFO  daw.pr.minesweeper.App - java.vm.version = 17.0.6+10
2023-03-04 21:56:16.809 [main] INFO  daw.pr.minesweeper.App - sun.io.unicode.encoding = UnicodeLittle
2023-03-04 21:56:16.809 [main] INFO  daw.pr.minesweeper.App - java.class.version = 61.0
2023-03-04 21:56:16.809 [main] INFO  daw.pr.minesweeper.App - End of Java System Properties
2023-03-04 21:56:59.369 [main] INFO  daw.pr.minesweeper.App - Debug mode enabled
2023-03-04 21:56:59.370 [main] INFO  daw.pr.minesweeper.App - Starting Minesweeper
2023-03-04 21:56:59.371 [main] INFO  daw.pr.minesweeper.App - Java System Properties:
2023-03-04 21:56:59.371 [main] INFO  daw.pr.minesweeper.App - java.specification.version = 17
2023-03-04 21:56:59.371 [main] INFO  daw.pr.minesweeper.App - sun.cpu.isalist = amd64
2023-03-04 21:56:59.371 [main] INFO  daw.pr.minesweeper.App - sun.jnu.encoding = Cp1252
2023-03-04 21:56:59.371 [main] INFO  daw.pr.minesweeper.App - java.class.path = C:\git\minesweeper\target\classes;C:\Users\seoan\.m2\repository\org\apache\logging\log4j\log4j-api\2.13.0\log4j-api-2.13.0.jar;C:\Users\seoan\.m2\repository\org\apache\logging\log4j\log4j-core\2.13.0\log4j-core-2.13.0.jar
2023-03-04 21:56:59.371 [main] INFO  daw.pr.minesweeper.App - java.vm.vendor = Eclipse Adoptium
2023-03-04 21:56:59.371 [main] INFO  daw.pr.minesweeper.App - sun.arch.data.model = 64
2023-03-04 21:56:59.371 [main] INFO  daw.pr.minesweeper.App - user.variant = 
2023-03-04 21:56:59.371 [main] INFO  daw.pr.minesweeper.App - java.vendor.url = https://adoptium.net/
2023-03-04 21:56:59.372 [main] INFO  daw.pr.minesweeper.App - user.timezone = Europe/Madrid
2023-03-04 21:56:59.372 [main] INFO  daw.pr.minesweeper.App - java.vm.specification.version = 17
2023-03-04 21:56:59.372 [main] INFO  daw.pr.minesweeper.App - os.name = Windows 11
2023-03-04 21:56:59.372 [main] INFO  daw.pr.minesweeper.App - org.apache.logging.log4j.assignedSequences = 9243
2023-03-04 21:56:59.372 [main] INFO  daw.pr.minesweeper.App - sun.java.launcher = SUN_STANDARD
2023-03-04 21:56:59.372 [main] INFO  daw.pr.minesweeper.App - user.country = ES
2023-03-04 21:56:59.372 [main] INFO  daw.pr.minesweeper.App - sun.boot.library.path = C:\Users\seoan\.jdks\temurin-17.0.6\bin
2023-03-04 21:56:59.372 [main] INFO  daw.pr.minesweeper.App - sun.java.command = daw.pr.minesweeper.App --debug
2023-03-04 21:56:59.372 [main] INFO  daw.pr.minesweeper.App - jdk.debug = release
2023-03-04 21:56:59.372 [main] INFO  daw.pr.minesweeper.App - sun.cpu.endian = little
2023-03-04 21:56:59.372 [main] INFO  daw.pr.minesweeper.App - user.home = C:\Users\seoan
2023-03-04 21:56:59.372 [main] INFO  daw.pr.minesweeper.App - user.language = es
2023-03-04 21:56:59.372 [main] INFO  daw.pr.minesweeper.App - java.specification.vendor = Oracle Corporation
2023-03-04 21:56:59.372 [main] INFO  daw.pr.minesweeper.App - java.version.date = 2023-01-17
2023-03-04 21:56:59.372 [main] INFO  daw.pr.minesweeper.App - java.home = C:\Users\seoan\.jdks\temurin-17.0.6
2023-03-04 21:56:59.372 [main] INFO  daw.pr.minesweeper.App - file.separator = \
2023-03-04 21:56:59.373 [main] INFO  daw.pr.minesweeper.App - java.vm.compressedOopsMode = Zero based
2023-03-04 21:56:59.373 [main] INFO  daw.pr.minesweeper.App - line.separator = 

2023-03-04 21:56:59.373 [main] INFO  daw.pr.minesweeper.App - java.vm.specification.vendor = Oracle Corporation
2023-03-04 21:56:59.373 [main] INFO  daw.pr.minesweeper.App - java.specification.name = Java Platform API Specification
2023-03-04 21:56:59.373 [main] INFO  daw.pr.minesweeper.App - user.script = 
2023-03-04 21:56:59.373 [main] INFO  daw.pr.minesweeper.App - sun.management.compiler = HotSpot 64-Bit Tiered Compilers
2023-03-04 21:56:59.373 [main] INFO  daw.pr.minesweeper.App - java.runtime.version = 17.0.6+10
2023-03-04 21:56:59.373 [main] INFO  daw.pr.minesweeper.App - user.name = seoan
2023-03-04 21:56:59.373 [main] INFO  daw.pr.minesweeper.App - path.separator = ;
2023-03-04 21:56:59.373 [main] INFO  daw.pr.minesweeper.App - os.version = 10.0
2023-03-04 21:56:59.373 [main] INFO  daw.pr.minesweeper.App - java.runtime.name = OpenJDK Runtime Environment
2023-03-04 21:56:59.373 [main] INFO  daw.pr.minesweeper.App - file.encoding = UTF-8
2023-03-04 21:56:59.373 [main] INFO  daw.pr.minesweeper.App - java.vm.name = OpenJDK 64-Bit Server VM
2023-03-04 21:56:59.373 [main] INFO  daw.pr.minesweeper.App - java.vendor.version = Temurin-17.0.6+10
2023-03-04 21:56:59.373 [main] INFO  daw.pr.minesweeper.App - java.vendor.url.bug = https://github.com/adoptium/adoptium-support/issues
2023-03-04 21:56:59.374 [main] INFO  daw.pr.minesweeper.App - java.io.tmpdir = C:\Users\seoan\AppData\Local\Temp\
2023-03-04 21:56:59.374 [main] INFO  daw.pr.minesweeper.App - java.version = 17.0.6
2023-03-04 21:56:59.374 [main] INFO  daw.pr.minesweeper.App - user.dir = C:\git\minesweeper
2023-03-04 21:56:59.374 [main] INFO  daw.pr.minesweeper.App - os.arch = amd64
2023-03-04 21:56:59.374 [main] INFO  daw.pr.minesweeper.App - java.vm.specification.name = Java Virtual Machine Specification
2023-03-04 21:56:59.374 [main] INFO  daw.pr.minesweeper.App - sun.os.patch.level = 
2023-03-04 21:56:59.374 [main] INFO  daw.pr.minesweeper.App - native.encoding = Cp1252
2023-03-04 21:56:59.374 [main] INFO  daw.pr.minesweeper.App - java.library.path = C:\Users\seoan\.jdks\temurin-17.0.6\bin;C:\Windows\Sun\Java\bin;C:\Windows\system32;C:\Windows;C:\Program Files\Eclipse Adoptium\jdk-17.0.6.10-hotspot\bin;D:\VulkanSDK\1.3.236.0\Bin;C:\WINDOWS\system32;C:\WINDOWS;C:\WINDOWS\System32\Wbem;C:\WINDOWS\System32\WindowsPowerShell\v1.0\;C:\WINDOWS\System32\OpenSSH\;C:\Program Files\dotnet\;C:\Program Files (x86)\dotnet\;C:\Program Files\AutoFirma\AutoFirma;C:\ProgramData\chocolatey\bin;C:\Program Files\gs\gs9.56.1\bin;C:\tools\BCURRAN3;C:\Program Files\PowerShell\7\;C:\Program Files\Docker\Docker\resources\bin;C:\Windows\system32;C:\Windows;C:\Windows\System32\Wbem;C:\Windows\System32\WindowsPowerShell\v1.0\;C:\Windows\System32\OpenSSH\;C:\Program Files (x86)\NVIDIA Corporation\PhysX\Common;C:\Program Files\NVIDIA Corporation\NVIDIA NvDLISR;C:\Users\seoan\AppData\Roaming\nvm;C:\Program Files\nodejs;C:\Program Files\GitHub CLI\;C:\Program Files\CMake\bin;C:\ProgramData\chocolatey\lib\maven\apache-maven-3.9.0\bin;C:\Program Files\Git\cmd;C:\Program Files (x86)\Lua\5.1;C:\Program Files (x86)\Lua\5.1\clibs;C:\Users\seoan\AppData\Local\Microsoft\WindowsApps;D:\ffmpeg\bin;C:\Users\seoan\AppData\Local\GitHubDesktop\bin;C:\Program Files (x86)\GitHub CLI\;C:\Users\seoan\AppData\Roaming\Python\Python39\Scripts;C:\Users\seoan\.dotnet\tools;C:\Users\seoan\AppData\Local\JpegminiPro3\;C:\Users\seoan\AppData\Local\Programs\Microsoft VS Code\bin;C:\Users\seoan\AppData\Local\JetBrains\Toolbox\scripts;C:\Users\seoan\AppData\Local\Microsoft\WindowsApps;C:\Users\seoan\AppData\Local\Programs\oh-my-posh\bin;C:\ProgramData\chocolatey\lib\mingw\tools\install\mingw64\bin;C:\Users\seoan\AppData\Roaming\nvm;C:\Program Files\nodejs;C:\Program Files\Oracle\VirtualBox;C:\tools\neovim\nvim-win64\bin;;.
2023-03-04 21:56:59.374 [main] INFO  daw.pr.minesweeper.App - java.vm.info = mixed mode, sharing
2023-03-04 21:56:59.374 [main] INFO  daw.pr.minesweeper.App - java.vendor = Eclipse Adoptium
2023-03-04 21:56:59.374 [main] INFO  daw.pr.minesweeper.App - java.vm.version = 17.0.6+10
2023-03-04 21:56:59.375 [main] INFO  daw.pr.minesweeper.App - sun.io.unicode.encoding = UnicodeLittle
2023-03-04 21:56:59.375 [main] INFO  daw.pr.minesweeper.App - java.class.version = 61.0
2023-03-04 21:56:59.375 [main] INFO  daw.pr.minesweeper.App - End of Java System Properties
2023-03-04 21:57:54.794 [main] ERROR daw.pr.minesweeper.App - Invalid argument: debug
2023-03-04 21:57:54.796 [main] ERROR daw.pr.minesweeper.App - Usage: java -jar minesweeper.jar [--debug|-d]
2023-03-04 22:40:16.034 [main] ERROR daw.pr.minesweeper.App - Error message
2023-03-04 22:56:10.077 [main] ERROR daw.pr.minesweeper.App - Error message
2023-03-04 22:56:56.242 [main] INFO  daw.pr.minesweeper.App - Debug mode enabled
2023-03-04 22:56:56.243 [main] INFO  daw.pr.minesweeper.App - Starting Minesweeper
2023-03-04 22:56:56.243 [main] INFO  daw.pr.minesweeper.App - Java System Properties:
2023-03-04 22:56:56.244 [main] INFO  daw.pr.minesweeper.App - java.specification.version = 17
2023-03-04 22:56:56.244 [main] INFO  daw.pr.minesweeper.App - sun.cpu.isalist = amd64
2023-03-04 22:56:56.244 [main] INFO  daw.pr.minesweeper.App - sun.jnu.encoding = Cp1252
2023-03-04 22:56:56.244 [main] INFO  daw.pr.minesweeper.App - java.class.path = C:\git\minesweeper\target\classes;C:\Users\seoan\.m2\repository\org\apache\logging\log4j\log4j-api\2.13.0\log4j-api-2.13.0.jar;C:\Users\seoan\.m2\repository\org\apache\logging\log4j\log4j-core\2.13.0\log4j-core-2.13.0.jar
2023-03-04 22:56:56.244 [main] INFO  daw.pr.minesweeper.App - java.vm.vendor = Eclipse Adoptium
2023-03-04 22:56:56.244 [main] INFO  daw.pr.minesweeper.App - sun.arch.data.model = 64
2023-03-04 22:56:56.244 [main] INFO  daw.pr.minesweeper.App - user.variant = 
2023-03-04 22:56:56.244 [main] INFO  daw.pr.minesweeper.App - java.vendor.url = https://adoptium.net/
2023-03-04 22:56:56.244 [main] INFO  daw.pr.minesweeper.App - user.timezone = Europe/Madrid
2023-03-04 22:56:56.245 [main] INFO  daw.pr.minesweeper.App - java.vm.specification.version = 17
2023-03-04 22:56:56.245 [main] INFO  daw.pr.minesweeper.App - os.name = Windows 11
2023-03-04 22:56:56.245 [main] INFO  daw.pr.minesweeper.App - org.apache.logging.log4j.assignedSequences = 13396
2023-03-04 22:56:56.245 [main] INFO  daw.pr.minesweeper.App - sun.java.launcher = SUN_STANDARD
2023-03-04 22:56:56.245 [main] INFO  daw.pr.minesweeper.App - user.country = ES
2023-03-04 22:56:56.245 [main] INFO  daw.pr.minesweeper.App - sun.boot.library.path = C:\Users\seoan\.jdks\temurin-17.0.6\bin
2023-03-04 22:56:56.245 [main] INFO  daw.pr.minesweeper.App - sun.java.command = daw.pr.minesweeper.App -d
2023-03-04 22:56:56.245 [main] INFO  daw.pr.minesweeper.App - jdk.debug = release
2023-03-04 22:56:56.245 [main] INFO  daw.pr.minesweeper.App - sun.cpu.endian = little
2023-03-04 22:56:56.245 [main] INFO  daw.pr.minesweeper.App - user.home = C:\Users\seoan
2023-03-04 22:56:56.245 [main] INFO  daw.pr.minesweeper.App - user.language = es
2023-03-04 22:56:56.245 [main] INFO  daw.pr.minesweeper.App - java.specification.vendor = Oracle Corporation
2023-03-04 22:56:56.245 [main] INFO  daw.pr.minesweeper.App - java.version.date = 2023-01-17
2023-03-04 22:56:56.245 [main] INFO  daw.pr.minesweeper.App - java.home = C:\Users\seoan\.jdks\temurin-17.0.6
2023-03-04 22:56:56.245 [main] INFO  daw.pr.minesweeper.App - file.separator = \
2023-03-04 22:56:56.245 [main] INFO  daw.pr.minesweeper.App - java.vm.compressedOopsMode = Zero based
2023-03-04 22:56:56.246 [main] INFO  daw.pr.minesweeper.App - line.separator = 

2023-03-04 22:56:56.246 [main] INFO  daw.pr.minesweeper.App - java.vm.specification.vendor = Oracle Corporation
2023-03-04 22:56:56.246 [main] INFO  daw.pr.minesweeper.App - java.specification.name = Java Platform API Specification
2023-03-04 22:56:56.246 [main] INFO  daw.pr.minesweeper.App - user.script = 
2023-03-04 22:56:56.246 [main] INFO  daw.pr.minesweeper.App - sun.management.compiler = HotSpot 64-Bit Tiered Compilers
2023-03-04 22:56:56.246 [main] INFO  daw.pr.minesweeper.App - java.runtime.version = 17.0.6+10
2023-03-04 22:56:56.246 [main] INFO  daw.pr.minesweeper.App - user.name = seoan
2023-03-04 22:56:56.246 [main] INFO  daw.pr.minesweeper.App - path.separator = ;
2023-03-04 22:56:56.246 [main] INFO  daw.pr.minesweeper.App - os.version = 10.0
2023-03-04 22:56:56.246 [main] INFO  daw.pr.minesweeper.App - java.runtime.name = OpenJDK Runtime Environment
2023-03-04 22:56:56.246 [main] INFO  daw.pr.minesweeper.App - file.encoding = UTF-8
2023-03-04 22:56:56.246 [main] INFO  daw.pr.minesweeper.App - java.vm.name = OpenJDK 64-Bit Server VM
2023-03-04 22:56:56.246 [main] INFO  daw.pr.minesweeper.App - java.vendor.version = Temurin-17.0.6+10
2023-03-04 22:56:56.246 [main] INFO  daw.pr.minesweeper.App - java.vendor.url.bug = https://github.com/adoptium/adoptium-support/issues
2023-03-04 22:56:56.246 [main] INFO  daw.pr.minesweeper.App - java.io.tmpdir = C:\Users\seoan\AppData\Local\Temp\
2023-03-04 22:56:56.247 [main] INFO  daw.pr.minesweeper.App - java.version = 17.0.6
2023-03-04 22:56:56.247 [main] INFO  daw.pr.minesweeper.App - user.dir = C:\git\minesweeper
2023-03-04 22:56:56.247 [main] INFO  daw.pr.minesweeper.App - os.arch = amd64
2023-03-04 22:56:56.247 [main] INFO  daw.pr.minesweeper.App - java.vm.specification.name = Java Virtual Machine Specification
2023-03-04 22:56:56.247 [main] INFO  daw.pr.minesweeper.App - sun.os.patch.level = 
2023-03-04 22:56:56.247 [main] INFO  daw.pr.minesweeper.App - native.encoding = Cp1252
2023-03-04 22:56:56.247 [main] INFO  daw.pr.minesweeper.App - java.library.path = C:\Users\seoan\.jdks\temurin-17.0.6\bin;C:\Windows\Sun\Java\bin;C:\Windows\system32;C:\Windows;C:\Program Files\Eclipse Adoptium\jdk-17.0.6.10-hotspot\bin;D:\VulkanSDK\1.3.236.0\Bin;C:\WINDOWS\system32;C:\WINDOWS;C:\WINDOWS\System32\Wbem;C:\WINDOWS\System32\WindowsPowerShell\v1.0\;C:\WINDOWS\System32\OpenSSH\;C:\Program Files\dotnet\;C:\Program Files (x86)\dotnet\;C:\Program Files\AutoFirma\AutoFirma;C:\ProgramData\chocolatey\bin;C:\Program Files\gs\gs9.56.1\bin;C:\tools\BCURRAN3;C:\Program Files\PowerShell\7\;C:\Program Files\Docker\Docker\resources\bin;C:\Windows\system32;C:\Windows;C:\Windows\System32\Wbem;C:\Windows\System32\WindowsPowerShell\v1.0\;C:\Windows\System32\OpenSSH\;C:\Program Files (x86)\NVIDIA Corporation\PhysX\Common;C:\Program Files\NVIDIA Corporation\NVIDIA NvDLISR;C:\Users\seoan\AppData\Roaming\nvm;C:\Program Files\nodejs;C:\Program Files\GitHub CLI\;C:\Program Files\CMake\bin;C:\ProgramData\chocolatey\lib\maven\apache-maven-3.9.0\bin;C:\Program Files\Git\cmd;C:\Program Files (x86)\Lua\5.1;C:\Program Files (x86)\Lua\5.1\clibs;C:\Users\seoan\AppData\Local\Microsoft\WindowsApps;D:\ffmpeg\bin;C:\Users\seoan\AppData\Local\GitHubDesktop\bin;C:\Program Files (x86)\GitHub CLI\;C:\Users\seoan\AppData\Roaming\Python\Python39\Scripts;C:\Users\seoan\.dotnet\tools;C:\Users\seoan\AppData\Local\JpegminiPro3\;C:\Users\seoan\AppData\Local\Programs\Microsoft VS Code\bin;C:\Users\seoan\AppData\Local\JetBrains\Toolbox\scripts;C:\Users\seoan\AppData\Local\Microsoft\WindowsApps;C:\Users\seoan\AppData\Local\Programs\oh-my-posh\bin;C:\ProgramData\chocolatey\lib\mingw\tools\install\mingw64\bin;C:\Users\seoan\AppData\Roaming\nvm;C:\Program Files\nodejs;C:\Program Files\Oracle\VirtualBox;C:\tools\neovim\nvim-win64\bin;;.
2023-03-04 22:56:56.247 [main] INFO  daw.pr.minesweeper.App - java.vm.info = mixed mode, sharing
2023-03-04 22:56:56.247 [main] INFO  daw.pr.minesweeper.App - java.vendor = Eclipse Adoptium
2023-03-04 22:56:56.247 [main] INFO  daw.pr.minesweeper.App - java.vm.version = 17.0.6+10
2023-03-04 22:56:56.247 [main] INFO  daw.pr.minesweeper.App - sun.io.unicode.encoding = UnicodeLittle
2023-03-04 22:56:56.247 [main] INFO  daw.pr.minesweeper.App - java.class.version = 61.0
2023-03-04 22:56:56.248 [main] INFO  daw.pr.minesweeper.App - End of Java System Properties
2023-03-04 22:56:56.248 [main] ERROR daw.pr.minesweeper.App - Error message
